2019-05-26 12:44:25,453 - flask.app - ERROR - Unhandled Exception: '_' is undefined
2019-05-26 12:47:05,187 - flask.app - ERROR - Unhandled Exception: '_' is undefined
2019-05-26 12:47:57,192 - flask.app - ERROR - Unhandled Exception: '_' is undefined
2019-05-26 12:47:57,210 - flask.app - ERROR - Page not found: (u'/static/css/bootstrap.min.css', <NotFound '404: Not Found'>)
2019-05-26 12:47:57,219 - flask.app - ERROR - Page not found: (u'/static/css/main.css', <NotFound '404: Not Found'>)
2019-05-26 12:47:57,226 - flask.app - ERROR - Page not found: (u'/static/js/bootstrap.min.js', <NotFound '404: Not Found'>)
2019-05-26 12:47:57,327 - flask.app - ERROR - Page not found: (u'/static/js/bootstrap.min.js', <NotFound '404: Not Found'>)
2019-05-26 12:47:57,415 - flask.app - ERROR - Page not found: (u'/static/favicon.ico', <NotFound '404: Not Found'>)
2019-05-26 12:48:34,847 - flask.app - ERROR - Unhandled Exception: '_' is undefined
2019-05-26 12:48:34,863 - flask.app - ERROR - Page not found: (u'/static/css/bootstrap.min.css', <NotFound '404: Not Found'>)
2019-05-26 12:48:34,868 - flask.app - ERROR - Page not found: (u'/static/css/main.css', <NotFound '404: Not Found'>)
2019-05-26 12:48:34,869 - flask.app - ERROR - Page not found: (u'/static/js/bootstrap.min.js', <NotFound '404: Not Found'>)
2019-05-26 12:48:34,970 - flask.app - ERROR - Page not found: (u'/static/js/bootstrap.min.js', <NotFound '404: Not Found'>)
2019-05-26 12:50:22,441 - flask.app - ERROR - Page not found: (u'/static/css/bootstrap.min.css', <NotFound '404: Not Found'>)
2019-05-26 12:50:22,451 - flask.app - ERROR - Page not found: (u'/static/css/main.css', <NotFound '404: Not Found'>)
2019-05-26 12:50:22,452 - flask.app - ERROR - Page not found: (u'/static/js/bootstrap.min.js', <NotFound '404: Not Found'>)
2019-05-26 12:50:22,536 - flask.app - ERROR - Page not found: (u'/static/js/bootstrap.min.js', <NotFound '404: Not Found'>)
2019-05-26 12:51:03,916 - flask.app - ERROR - Page not found: (u'/stores', <NotFound '404: Not Found'>)
2019-05-26 12:51:03,955 - flask.app - ERROR - Page not found: (u'/static/css/main.css', <NotFound '404: Not Found'>)
2019-05-26 12:51:03,957 - flask.app - ERROR - Page not found: (u'/static/css/bootstrap.min.css', <NotFound '404: Not Found'>)
2019-05-26 12:51:03,964 - flask.app - ERROR - Page not found: (u'/static/js/bootstrap.min.js', <NotFound '404: Not Found'>)
2019-05-26 12:51:04,047 - flask.app - ERROR - Page not found: (u'/static/js/bootstrap.min.js', <NotFound '404: Not Found'>)
2019-05-26 12:54:06,242 - flask.app - ERROR - Page not found: (u'/stores', <NotFound '404: Not Found'>)
2019-05-26 12:54:06,270 - flask.app - ERROR - Page not found: (u'/static/css/bootstrap.min.css', <NotFound '404: Not Found'>)
2019-05-26 12:54:06,280 - flask.app - ERROR - Page not found: (u'/static/css/main.css', <NotFound '404: Not Found'>)
2019-05-26 12:54:06,284 - flask.app - ERROR - Page not found: (u'/static/js/bootstrap.min.js', <NotFound '404: Not Found'>)
2019-05-26 12:54:06,372 - flask.app - ERROR - Page not found: (u'/static/js/bootstrap.min.js', <NotFound '404: Not Found'>)
2019-05-26 12:54:09,223 - flask.app - ERROR - Page not found: (u'/stores', <NotFound '404: Not Found'>)
2019-05-26 12:54:09,239 - flask.app - ERROR - Page not found: (u'/static/css/bootstrap.min.css', <NotFound '404: Not Found'>)
2019-05-26 12:54:09,241 - flask.app - ERROR - Page not found: (u'/static/css/main.css', <NotFound '404: Not Found'>)
2019-05-26 12:54:09,244 - flask.app - ERROR - Page not found: (u'/static/js/bootstrap.min.js', <NotFound '404: Not Found'>)
2019-05-26 12:54:09,286 - flask.app - ERROR - Page not found: (u'/static/js/bootstrap.min.js', <NotFound '404: Not Found'>)
2019-05-26 12:55:10,157 - flask.app - ERROR - Page not found: (u'/stores', <NotFound '404: Not Found'>)
2019-05-26 12:55:10,173 - flask.app - ERROR - Page not found: (u'/static/css/main.css', <NotFound '404: Not Found'>)
2019-05-26 12:55:10,176 - flask.app - ERROR - Page not found: (u'/static/css/bootstrap.min.css', <NotFound '404: Not Found'>)
2019-05-26 12:55:10,177 - flask.app - ERROR - Page not found: (u'/static/js/bootstrap.min.js', <NotFound '404: Not Found'>)
2019-05-26 12:55:10,279 - flask.app - ERROR - Page not found: (u'/static/js/bootstrap.min.js', <NotFound '404: Not Found'>)
2019-05-26 12:55:26,191 - flask.app - ERROR - Page not found: (u'/stores', <NotFound '404: Not Found'>)
2019-05-26 12:55:26,216 - flask.app - ERROR - Page not found: (u'/static/css/bootstrap.min.css', <NotFound '404: Not Found'>)
2019-05-26 12:55:26,227 - flask.app - ERROR - Page not found: (u'/static/css/main.css', <NotFound '404: Not Found'>)
2019-05-26 12:55:26,229 - flask.app - ERROR - Page not found: (u'/static/js/bootstrap.min.js', <NotFound '404: Not Found'>)
2019-05-26 12:55:26,327 - flask.app - ERROR - Page not found: (u'/static/js/bootstrap.min.js', <NotFound '404: Not Found'>)
2019-05-26 12:57:54,486 - flask.app - ERROR - Page not found: (u'/stores', <NotFound '404: Not Found'>)
2019-05-26 12:57:54,502 - flask.app - ERROR - Page not found: (u'/static/css/bootstrap.min.css', <NotFound '404: Not Found'>)
2019-05-26 12:57:54,505 - flask.app - ERROR - Page not found: (u'/static/css/main.css', <NotFound '404: Not Found'>)
2019-05-26 12:57:54,506 - flask.app - ERROR - Page not found: (u'/static/js/bootstrap.min.js', <NotFound '404: Not Found'>)
2019-05-26 12:57:54,593 - flask.app - ERROR - Page not found: (u'/static/js/bootstrap.min.js', <NotFound '404: Not Found'>)
2019-05-26 12:58:33,280 - flask.app - ERROR - Page not found: (u'/stores', <NotFound '404: Not Found'>)
2019-05-26 12:58:33,303 - flask.app - ERROR - Page not found: (u'/static/css/bootstrap.min.css', <NotFound '404: Not Found'>)
2019-05-26 12:58:33,307 - flask.app - ERROR - Page not found: (u'/static/css/main.css', <NotFound '404: Not Found'>)
2019-05-26 12:58:33,313 - flask.app - ERROR - Page not found: (u'/static/js/bootstrap.min.js', <NotFound '404: Not Found'>)
2019-05-26 12:58:33,413 - flask.app - ERROR - Page not found: (u'/static/js/bootstrap.min.js', <NotFound '404: Not Found'>)
2019-05-26 12:59:00,378 - flask.app - ERROR - Page not found: (u'/stores', <NotFound '404: Not Found'>)
2019-05-26 12:59:00,396 - flask.app - ERROR - Page not found: (u'/static/css/bootstrap.min.css', <NotFound '404: Not Found'>)
2019-05-26 12:59:00,406 - flask.app - ERROR - Page not found: (u'/static/css/main.css', <NotFound '404: Not Found'>)
2019-05-26 12:59:00,413 - flask.app - ERROR - Page not found: (u'/static/js/bootstrap.min.js', <NotFound '404: Not Found'>)
2019-05-26 12:59:00,450 - flask.app - ERROR - Page not found: (u'/static/js/bootstrap.min.js', <NotFound '404: Not Found'>)
2019-05-26 13:03:08,442 - flask.app - ERROR - Page not found: (u'/stores', <NotFound '404: Not Found'>)
2019-05-26 13:10:08,030 - flask.app - INFO - Displaying all stores.
2019-05-26 13:10:08,090 - flask.app - ERROR - Page not found: (u'/static/css/bootstrap.min.css', <NotFound '404: Not Found'>)
2019-05-26 13:10:08,093 - flask.app - ERROR - Page not found: (u'/static/css/main.css', <NotFound '404: Not Found'>)
2019-05-26 13:10:08,093 - flask.app - ERROR - Page not found: (u'/static/js/bootstrap.min.js', <NotFound '404: Not Found'>)
2019-05-26 13:10:08,186 - flask.app - ERROR - Page not found: (u'/static/js/bootstrap.min.js', <NotFound '404: Not Found'>)
2019-05-26 13:11:13,583 - flask.app - ERROR - Page not found: (u'/static/css/bootstrap.min.css', <NotFound '404: Not Found'>)
2019-05-26 13:11:13,585 - flask.app - ERROR - Page not found: (u'/static/css/main.css', <NotFound '404: Not Found'>)
2019-05-26 13:11:13,590 - flask.app - ERROR - Page not found: (u'/static/js/bootstrap.min.js', <NotFound '404: Not Found'>)
2019-05-26 13:11:13,693 - flask.app - ERROR - Page not found: (u'/static/js/bootstrap.min.js', <NotFound '404: Not Found'>)
2019-05-26 13:13:46,465 - flask.app - ERROR - Page not found: (u'/static/css/bootstrap.min.css', <NotFound '404: Not Found'>)
2019-05-26 13:13:46,469 - flask.app - ERROR - Page not found: (u'/static/css/main.css', <NotFound '404: Not Found'>)
2019-05-26 13:13:46,470 - flask.app - ERROR - Page not found: (u'/static/js/bootstrap.min.js', <NotFound '404: Not Found'>)
2019-05-26 13:13:46,557 - flask.app - ERROR - Page not found: (u'/static/js/bootstrap.min.js', <NotFound '404: Not Found'>)
2019-05-26 13:14:18,329 - flask.app - INFO - Displaying all stores.
2019-05-26 13:14:18,373 - flask.app - ERROR - Page not found: (u'/static/style.css', <NotFound '404: Not Found'>)
2019-05-26 13:20:07,251 - flask.app - ERROR - Page not found: (u'/main/stores', <NotFound '404: Not Found'>)
2019-05-26 13:20:27,159 - flask.app - INFO - Displaying all stores.
2019-05-26 13:25:38,773 - flask.app - ERROR - Unhandled Exception: Unexpected character found when decoding 'null'
2019-05-26 13:30:14,950 - flask.app - INFO - Displaying all stores.
2019-05-26 13:30:51,396 - flask.app - ERROR - Unhandled Exception: Unexpected character found when decoding 'null'
2019-05-26 13:34:13,579 - flask.app - ERROR - Unhandled Exception: Unexpected character found when decoding 'null'
2019-05-26 13:46:17,547 - flask.app - ERROR - Unhandled Exception: Unexpected character found when decoding 'null'
2019-05-26 13:46:36,020 - flask.app - INFO - Displaying all stores.
2019-05-26 13:47:11,204 - flask.app - ERROR - Unhandled Exception: Unexpected character found when decoding 'null'
2019-05-26 13:48:24,936 - flask.app - ERROR - Unhandled Exception: Unexpected character found when decoding 'null'
2019-05-26 13:50:02,975 - flask.app - ERROR - Unhandled Exception: Unexpected character found when decoding 'null'
2019-05-26 13:50:56,856 - flask.app - ERROR - Unhandled Exception: Unexpected character found when decoding 'null'
2019-05-26 13:51:51,323 - flask.app - ERROR - Unhandled Exception: Unexpected character found when decoding 'null'
2019-05-26 13:52:32,179 - flask.app - INFO - Displaying all stores.
2019-05-26 13:52:40,201 - flask.app - ERROR - Unhandled Exception: Unexpected character found when decoding 'null'
2019-05-26 14:05:32,119 - flask.app - ERROR - Unhandled Exception: Unexpected character found when decoding 'null'
2019-05-26 14:06:17,628 - flask.app - INFO - Displaying all stores.
2019-05-26 14:06:22,685 - flask.app - ERROR - Unhandled Exception: Unexpected character found when decoding 'null'
2019-05-26 14:17:43,848 - flask.app - INFO - Displaying all stores.
2019-05-26 14:18:16,481 - flask.app - INFO - Displaying stores within 25 km radius from Reading 
2019-05-26 14:20:51,223 - flask.app - ERROR - Unhandled Exception: Invalid file path or buffer object type: <type 'NoneType'>
2019-05-26 14:21:13,778 - flask.app - INFO - Displaying all stores.
2019-05-26 14:21:17,767 - flask.app - INFO - Displaying stores within 25 km radius from Reading 
2019-05-26 14:51:46,574 - flask.app - INFO - Displaying all stores.
2019-05-26 14:55:25,676 - flask.app - INFO - Displaying all stores.
2019-05-26 14:55:25,779 - flask.app - INFO - Displaying stores within 25 km radius from Reading 
2019-05-26 15:36:21,805 - flask.app - INFO - Displaying all stores.
2019-05-26 16:05:29,203 - flask.app - INFO - Displaying all stores.
2019-05-26 16:05:46,637 - flask.app - INFO - Displaying stores within 25 km radius from Reading 
2019-05-26 16:06:06,616 - flask.app - ERROR - Page not found: (u'/stores_in_radius', <NotFound '404: Not Found'>)
2019-05-26 16:06:11,803 - flask.app - ERROR - Page not found: (u'/stores', <NotFound '404: Not Found'>)
2019-05-26 16:06:25,480 - flask.app - INFO - Displaying stores within 25 km radius from Reading 
2019-05-26 16:10:19,117 - flask.app - ERROR - Unhandled Exception: Invalid file path or buffer object type: <type 'NoneType'>
2019-05-26 16:10:39,900 - flask.app - INFO - Displaying all stores.
2019-05-26 16:10:44,921 - flask.app - INFO - Displaying stores within 25 km radius from Reading 
2019-05-26 16:15:19,564 - flask.app - INFO - Displaying all stores.
2019-05-26 16:15:28,430 - flask.app - INFO - Displaying stores within 25 km radius from Reading 
2019-05-26 16:20:30,920 - flask.app - INFO - Displaying all stores.
2019-05-26 16:20:40,651 - flask.app - INFO - Displaying stores within 25 km radius from Reading 
2019-05-26 16:29:37,645 - flask.app - INFO - Displaying stores within 25 km radius from Reading 
2019-05-26 16:30:01,907 - flask.app - INFO - Displaying all stores.
2019-05-26 16:30:08,237 - flask.app - INFO - Displaying stores within 25 km radius from Reading 
2019-05-26 16:35:01,574 - flask.app - INFO - Displaying stores within 25 km radius from Reading 
2019-05-26 16:35:09,217 - flask.app - INFO - Displaying all stores.
2019-05-26 16:35:15,558 - flask.app - INFO - Displaying stores within 25 km radius from Reading 
2019-05-26 16:35:47,332 - flask.app - INFO - Displaying all stores.
2019-05-26 16:35:53,044 - flask.app - INFO - Displaying stores within 25 km radius from Reading 
2019-05-26 16:43:29,117 - flask.app - INFO - Displaying stores within 25 km radius from Reading 
2019-05-26 16:43:41,038 - flask.app - INFO - Displaying all stores.
2019-05-26 16:45:48,557 - flask.app - INFO - Displaying all stores.
2019-05-26 16:46:21,512 - flask.app - INFO - Displaying stores within 25 km radius from Reading 
2019-05-26 16:47:37,117 - flask.app - INFO - Displaying all stores.
2019-05-26 16:47:42,811 - flask.app - INFO - Displaying stores within 25 km radius from Reading 
2019-05-26 16:54:07,241 - flask.app - INFO - Displaying all stores.
2019-05-26 16:56:16,192 - flask.app - INFO - Displaying all stores.
2019-05-26 17:09:33,210 - flask.app - ERROR - Unhandled Exception: Could not build url for endpoint 'tails.get_stores'. Did you mean 'main.get_stores' instead?
2019-05-26 17:10:12,193 - flask.app - ERROR - Unhandled Exception: '_' is undefined
2019-05-26 17:11:29,567 - flask.app - ERROR - Unhandled Exception: '_' is undefined
2019-05-26 17:16:45,609 - flask.app - ERROR - Page not found: (u'/static/styles.css', <NotFound '404: Not Found'>)
2019-05-26 17:21:38,033 - flask.app - INFO - Displaying all stores.
2019-05-26 17:24:24,080 - flask.app - INFO - Displaying all stores.
2019-05-26 17:25:35,047 - flask.app - INFO - Displaying all stores.
2019-05-26 17:25:40,201 - flask.app - INFO - Displaying stores within 25 km radius from Reading 
2019-05-26 17:27:33,919 - flask.app - INFO - Displaying all stores.
2019-05-26 17:27:42,128 - flask.app - ERROR - Page not found: (u'/tails/stores3', <NotFound '404: Not Found'>)
2019-05-26 17:28:37,050 - flask.app - ERROR - Page not found: (u'/tails/stores3', <NotFound '404: Not Found'>)
2019-05-26 17:28:56,896 - flask.app - INFO - Displaying all stores.
2019-05-26 17:29:06,937 - flask.app - INFO - Displaying stores within 25 km radius from Reading 
2019-05-26 17:31:34,453 - flask.app - INFO - Displaying stores within 25 km radius from Reading 
2019-05-26 17:31:49,099 - flask.app - ERROR - Page not found: (u'/tails/stores3', <NotFound '404: Not Found'>)
2019-05-26 17:32:05,206 - flask.app - ERROR - Page not found: (u'/tails/stores3', <NotFound '404: Not Found'>)
2019-05-26 17:32:44,350 - flask.app - INFO - Displaying stores within 25 km radius from Hatfield 
2019-05-26 17:32:49,600 - flask.app - ERROR - Unhandled Exception: index 0 is out of bounds for axis 0 with size 0
2019-05-26 17:32:59,607 - flask.app - INFO - Displaying stores within 25 km radius from Hatfield 
2019-05-26 17:34:26,233 - flask.app - ERROR - Page not found: (u'/', <NotFound '404: Not Found'>)
2019-05-26 17:35:39,451 - flask.app - INFO - Displaying all stores.
2019-05-26 17:44:16,111 - flask.app - INFO - Displaying all stores.
2019-05-26 17:46:10,567 - flask.app - INFO - Displaying all stores.
2019-05-26 17:46:26,854 - flask.app - INFO - Displaying stores within 25 km radius from Reading 
2019-05-26 17:48:29,688 - flask.app - INFO - Displaying all stores.
2019-05-26 17:48:29,836 - flask.app - INFO - Displaying stores within 25 km radius from Reading 
2019-05-26 17:51:25,833 - flask.app - INFO - Displaying all stores.
2019-05-26 17:51:26,009 - flask.app - INFO - Displaying stores within 25 km radius from Reading 
2019-05-26 17:54:03,892 - flask.app - INFO - Displaying stores within 25 km radius from Reading 
2019-05-26 17:54:30,452 - flask.app - INFO - Displaying stores within 25 km radius from Reading 
2019-05-26 17:54:53,622 - flask.app - INFO - Displaying stores within 25 km radius from Reading 
2019-05-26 17:55:06,308 - flask.app - INFO - Displaying all stores.
2019-05-26 18:01:02,563 - flask.app - INFO - Displaying stores within 25 km radius from Reading 
2019-05-26 18:01:20,980 - flask.app - INFO - Displaying all stores.
2019-05-26 18:04:19,361 - flask.app - INFO - Displaying stores within 25 km radius from Reading 
2019-05-26 18:11:33,686 - flask.app - INFO - Displaying stores within 25 km radius from Reading 
2019-05-26 18:11:54,632 - flask.app - INFO - Displaying all stores.
2019-05-26 18:20:22,580 - flask.app - INFO - Displaying stores within 25 km radius from Reading 
2019-05-26 18:20:38,778 - flask.app - INFO - Displaying all stores.
2019-05-26 18:21:09,484 - flask.app - INFO - Displaying stores within 25 km radius from Reading 
2019-05-26 18:29:58,386 - flask.app - INFO - Displaying all stores.
2019-05-26 18:33:31,303 - flask.app - INFO - Displaying all stores.
2019-05-26 18:33:42,823 - flask.app - INFO - Displaying stores within 25 km radius from Reading 
